Using pre-set license
Built from '2020.3/staging' branch; Version is '2020.3.8f1 (507919d4fff5) revision 5273881'; Using compiler version '192528614'; Build Type 'Release'
OS: 'Windows 10 Pro; OS build 19043.1466; Version 2009; 64bit' Language: 'tr' Physical Memory: 16221 MB
BatchMode: 1, IsHumanControllingUs: 0, StartBugReporterOnCrash: 0, Is64bit: 1, IsPro: 0

 COMMAND LINE ARGUMENTS:
D:\Programlar\2020.3.8f1\Editor\Unity.exe
-adb2
-batchMode
-noUpm
-name
AssetImportWorker0
-projectPath
D:/Projects/Unity Projects/Zerosum Case - Game Developer
-logFile
Logs/AssetImportWorker0.log
-srvPort
54376
Successfully changed project path to: D:/Projects/Unity Projects/Zerosum Case - Game Developer
D:/Projects/Unity Projects/Zerosum Case - Game Developer
Using Asset Import Pipeline V2.
Refreshing native plugins compatible for Editor in 43.52 ms, found 2 plugins.
Preloading 0 native plugins for Editor in 0.00 ms.
Initialize engine version: 2020.3.8f1 (507919d4fff5)
[Subsystems] Discovering subsystems at path D:/Programlar/2020.3.8f1/Editor/Data/Resources/UnitySubsystems
[Subsystems] Discovering subsystems at path D:/Projects/Unity Projects/Zerosum Case - Game Developer/Assets
GfxDevice: creating device client; threaded=0
Direct3D:
    Version:  Direct3D 11.0 [level 11.1]
    Renderer: NVIDIA GeForce GTX 1650 Ti (ID=0x1f95)
    Vendor:   
    VRAM:     3962 MB
    Driver:   30.0.14.7196
Shader 'Universal Render Pipeline/Particles/Lit': fallback shader 'Universal Render Pipeline/Particles/SimpleLit' not found
Initialize mono
Mono path[0] = 'D:/Programlar/2020.3.8f1/Editor/Data/Managed'
Mono path[1] = 'D:/Programlar/2020.3.8f1/Editor/Data/MonoBleedingEdge/lib/mono/unityjit'
Mono config path = 'D:/Programlar/2020.3.8f1/Editor/Data/MonoBleedingEdge/etc'
Using monoOptions --debugger-agent=transport=dt_socket,embedding=1,server=y,suspend=n,address=127.0.0.1:56376
Begin MonoManager ReloadAssembly
Registering precompiled unity dll's ...
Register platform support module: D:/Programlar/2020.3.8f1/Editor/Data/PlaybackEngines/WindowsStandaloneSupport/UnityEditor.WindowsStandalone.Extensions.dll
Registered in 0.001100 seconds.
Native extension for WindowsStandalone target not found
Refreshing native plugins compatible for Editor in 73.58 ms, found 2 plugins.
Preloading 0 native plugins for Editor in 0.00 ms.
Mono: successfully reloaded assembly
- Completed reload, in  2.211 seconds
Platform modules already initialized, skipping
Registering precompiled user dll's ...
Registered in 0.003288 seconds.
Begin MonoManager ReloadAssembly
OnLevelWasLoaded was found on UIManager
This message has been deprecated and will be removed in a later version of Unity.
Add a delegate to SceneManager.sceneLoaded instead to get notifications after scene loading has completed

OnLevelWasLoaded was found on GameManager
This message has been deprecated and will be removed in a later version of Unity.
Add a delegate to SceneManager.sceneLoaded instead to get notifications after scene loading has completed

Native extension for WindowsStandalone target not found
Refreshing native plugins compatible for Editor in 43.93 ms, found 2 plugins.
Preloading 0 native plugins for Editor in 0.00 ms.
Mono: successfully reloaded assembly
- Completed reload, in  1.025 seconds
Platform modules already initialized, skipping
========================================================================
Worker process is ready to serve import requests
Shader 'Universal Render Pipeline/Particles/Lit': fallback shader 'Universal Render Pipeline/Particles/SimpleLit' not found
Launched and connected shader compiler UnityShaderCompiler.exe after 0.03 seconds
Refreshing native plugins compatible for Editor in 0.44 ms, found 2 plugins.
Preloading 0 native plugins for Editor in 0.00 ms.
Unloading 2739 Unused Serialized files (Serialized files now loaded: 0)
System memory in use before: 131.7 MB.
System memory in use after: 131.9 MB.

Unloading 19 unused Assets to reduce memory usage. Loaded Objects now: 3186.
Total: 2.398600 ms (FindLiveObjects: 0.272000 ms CreateObjectMapping: 0.136100 ms MarkObjects: 1.931800 ms  DeleteObjects: 0.057700 ms)

========================================================================
Received Import Request.
  path: Assets/Prefabs/GameManager.prefab
  artifactKey: Guid(99f7b194a13ad1049bd18f2760d13d6f) Importer(815301076,1909f56bfc062723c751e8b465ee728b)
Start importing Assets/Prefabs/GameManager.prefab using Guid(99f7b194a13ad1049bd18f2760d13d6f) Importer(815301076,1909f56bfc062723c751e8b465ee728b)  -> (artifact id: '047459dfe00c2860984eaad36a2e68f6') in 0.067759 seconds
  Import took 0.072367 seconds .

========================================================================
Received Prepare
Registering precompiled user dll's ...
Registered in 0.003167 seconds.
Begin MonoManager ReloadAssembly
Native extension for WindowsStandalone target not found
Refreshing native plugins compatible for Editor in 0.50 ms, found 2 plugins.
Preloading 0 native plugins for Editor in 0.00 ms.
Mono: successfully reloaded assembly
- Completed reload, in  1.025 seconds
Platform modules already initialized, skipping
OnLevelWasLoaded was found on UIManager
This message has been deprecated and will be removed in a later version of Unity.
Add a delegate to SceneManager.sceneLoaded instead to get notifications after scene loading has completed

OnLevelWasLoaded was found on GameManager
This message has been deprecated and will be removed in a later version of Unity.
Add a delegate to SceneManager.sceneLoaded instead to get notifications after scene loading has completed

Switching build target platform(5) subTarget(0) extendedPlatform(0) -> platform(13) subTarget(524288) extendedPlatform(0)
Shader 'Universal Render Pipeline/Particles/Lit': fallback shader 'Universal Render Pipeline/Particles/SimpleLit' not found
Refreshing native plugins compatible for Editor in 0.48 ms, found 2 plugins.
Preloading 0 native plugins for Editor in 0.00 ms.
Unloading 2618 Unused Serialized files (Serialized files now loaded: 0)
System memory in use before: 122.4 MB.
System memory in use after: 122.6 MB.

Unloading 14 unused Assets to reduce memory usage. Loaded Objects now: 3189.
Total: 2.520600 ms (FindLiveObjects: 0.296100 ms CreateObjectMapping: 0.173700 ms MarkObjects: 2.030400 ms  DeleteObjects: 0.019300 ms)

AssetImportParameters requested are different than current active one (requested -> active):
  custom:graphics/normal-map-encoding: 01000000000000000000000000000000 -> 02000000000000000000000000000000
========================================================================
Received Prepare
Registering precompiled user dll's ...
Registered in 0.003324 seconds.
Begin MonoManager ReloadAssembly
Native extension for WindowsStandalone target not found
Refreshing native plugins compatible for Editor in 0.59 ms, found 2 plugins.
Preloading 0 native plugins for Editor in 0.00 ms.
Mono: successfully reloaded assembly
- Completed reload, in  0.926 seconds
Platform modules already initialized, skipping
OnLevelWasLoaded was found on UIManager
This message has been deprecated and will be removed in a later version of Unity.
Add a delegate to SceneManager.sceneLoaded instead to get notifications after scene loading has completed

OnLevelWasLoaded was found on GameManager
This message has been deprecated and will be removed in a later version of Unity.
Add a delegate to SceneManager.sceneLoaded instead to get notifications after scene loading has completed

Switching build target platform(5) subTarget(0) extendedPlatform(0) -> platform(13) subTarget(524288) extendedPlatform(0)
Shader 'Universal Render Pipeline/Particles/Lit': fallback shader 'Universal Render Pipeline/Particles/SimpleLit' not found
Refreshing native plugins compatible for Editor in 0.59 ms, found 2 plugins.
Preloading 0 native plugins for Editor in 0.00 ms.
Unloading 2618 Unused Serialized files (Serialized files now loaded: 0)
System memory in use before: 122.4 MB.
System memory in use after: 122.6 MB.

Unloading 14 unused Assets to reduce memory usage. Loaded Objects now: 3192.
Total: 2.252800 ms (FindLiveObjects: 0.270200 ms CreateObjectMapping: 0.153100 ms MarkObjects: 1.807800 ms  DeleteObjects: 0.020800 ms)

AssetImportParameters requested are different than current active one (requested -> active):
  custom:graphics/normal-map-encoding: 01000000000000000000000000000000 -> 02000000000000000000000000000000
========================================================================
Received Prepare
Registering precompiled user dll's ...
Registered in 0.003558 seconds.
Begin MonoManager ReloadAssembly
Native extension for WindowsStandalone target not found
Refreshing native plugins compatible for Editor in 0.48 ms, found 2 plugins.
Preloading 0 native plugins for Editor in 0.00 ms.
Mono: successfully reloaded assembly
- Completed reload, in  0.951 seconds
Platform modules already initialized, skipping
OnLevelWasLoaded was found on UIManager
This message has been deprecated and will be removed in a later version of Unity.
Add a delegate to SceneManager.sceneLoaded instead to get notifications after scene loading has completed

OnLevelWasLoaded was found on GameManager
This message has been deprecated and will be removed in a later version of Unity.
Add a delegate to SceneManager.sceneLoaded instead to get notifications after scene loading has completed

Switching build target platform(5) subTarget(0) extendedPlatform(0) -> platform(13) subTarget(524288) extendedPlatform(0)
Shader 'Universal Render Pipeline/Particles/Lit': fallback shader 'Universal Render Pipeline/Particles/SimpleLit' not found
Refreshing native plugins compatible for Editor in 0.47 ms, found 2 plugins.
Preloading 0 native plugins for Editor in 0.00 ms.
Unloading 2618 Unused Serialized files (Serialized files now loaded: 0)
System memory in use before: 122.4 MB.
System memory in use after: 122.7 MB.

Unloading 14 unused Assets to reduce memory usage. Loaded Objects now: 3195.
Total: 2.379900 ms (FindLiveObjects: 0.315600 ms CreateObjectMapping: 0.162400 ms MarkObjects: 1.883900 ms  DeleteObjects: 0.017300 ms)

AssetImportParameters requested are different than current active one (requested -> active):
  custom:graphics/normal-map-encoding: 01000000000000000000000000000000 -> 02000000000000000000000000000000
========================================================================
Received Prepare
Registering precompiled user dll's ...
Registered in 0.003181 seconds.
Begin MonoManager ReloadAssembly
Native extension for WindowsStandalone target not found
Refreshing native plugins compatible for Editor in 0.51 ms, found 2 plugins.
Preloading 0 native plugins for Editor in 0.00 ms.
Mono: successfully reloaded assembly
- Completed reload, in  0.903 seconds
Platform modules already initialized, skipping
OnLevelWasLoaded was found on UIManager
This message has been deprecated and will be removed in a later version of Unity.
Add a delegate to SceneManager.sceneLoaded instead to get notifications after scene loading has completed

OnLevelWasLoaded was found on GameManager
This message has been deprecated and will be removed in a later version of Unity.
Add a delegate to SceneManager.sceneLoaded instead to get notifications after scene loading has completed

Switching build target platform(5) subTarget(0) extendedPlatform(0) -> platform(13) subTarget(524288) extendedPlatform(0)
Shader 'Universal Render Pipeline/Particles/Lit': fallback shader 'Universal Render Pipeline/Particles/SimpleLit' not found
Refreshing native plugins compatible for Editor in 0.90 ms, found 2 plugins.
Preloading 0 native plugins for Editor in 0.00 ms.
Unloading 2618 Unused Serialized files (Serialized files now loaded: 0)
System memory in use before: 122.5 MB.
System memory in use after: 122.7 MB.

Unloading 14 unused Assets to reduce memory usage. Loaded Objects now: 3198.
Total: 2.719800 ms (FindLiveObjects: 0.317400 ms CreateObjectMapping: 0.172000 ms MarkObjects: 2.207200 ms  DeleteObjects: 0.021800 ms)

AssetImportParameters requested are different than current active one (requested -> active):
  custom:graphics/normal-map-encoding: 01000000000000000000000000000000 -> 02000000000000000000000000000000
========================================================================
Received Prepare
Registering precompiled user dll's ...
Registered in 0.003678 seconds.
Begin MonoManager ReloadAssembly
Native extension for WindowsStandalone target not found
Refreshing native plugins compatible for Editor in 0.45 ms, found 2 plugins.
Preloading 0 native plugins for Editor in 0.00 ms.
Mono: successfully reloaded assembly
- Completed reload, in  0.895 seconds
Platform modules already initialized, skipping
OnLevelWasLoaded was found on UIManager
This message has been deprecated and will be removed in a later version of Unity.
Add a delegate to SceneManager.sceneLoaded instead to get notifications after scene loading has completed

OnLevelWasLoaded was found on GameManager
This message has been deprecated and will be removed in a later version of Unity.
Add a delegate to SceneManager.sceneLoaded instead to get notifications after scene loading has completed

Switching build target platform(5) subTarget(0) extendedPlatform(0) -> platform(13) subTarget(524288) extendedPlatform(0)
Shader 'Universal Render Pipeline/Particles/Lit': fallback shader 'Universal Render Pipeline/Particles/SimpleLit' not found
Refreshing native plugins compatible for Editor in 0.75 ms, found 2 plugins.
Preloading 0 native plugins for Editor in 0.00 ms.
Unloading 2618 Unused Serialized files (Serialized files now loaded: 0)
System memory in use before: 122.5 MB.
System memory in use after: 122.7 MB.

Unloading 14 unused Assets to reduce memory usage. Loaded Objects now: 3201.
Total: 2.271600 ms (FindLiveObjects: 0.305100 ms CreateObjectMapping: 0.162200 ms MarkObjects: 1.787000 ms  DeleteObjects: 0.016000 ms)

AssetImportParameters requested are different than current active one (requested -> active):
  custom:graphics/normal-map-encoding: 01000000000000000000000000000000 -> 02000000000000000000000000000000
========================================================================
Received Prepare
Registering precompiled user dll's ...
Registered in 0.004871 seconds.
Begin MonoManager ReloadAssembly
Native extension for WindowsStandalone target not found
Refreshing native plugins compatible for Editor in 0.45 ms, found 2 plugins.
Preloading 0 native plugins for Editor in 0.00 ms.
Mono: successfully reloaded assembly
- Completed reload, in  0.941 seconds
Platform modules already initialized, skipping
OnLevelWasLoaded was found on UIManager
This message has been deprecated and will be removed in a later version of Unity.
Add a delegate to SceneManager.sceneLoaded instead to get notifications after scene loading has completed

OnLevelWasLoaded was found on GameManager
This message has been deprecated and will be removed in a later version of Unity.
Add a delegate to SceneManager.sceneLoaded instead to get notifications after scene loading has completed

Switching build target platform(5) subTarget(0) extendedPlatform(0) -> platform(13) subTarget(524288) extendedPlatform(0)
Shader 'Universal Render Pipeline/Particles/Lit': fallback shader 'Universal Render Pipeline/Particles/SimpleLit' not found
Refreshing native plugins compatible for Editor in 0.78 ms, found 2 plugins.
Preloading 0 native plugins for Editor in 0.00 ms.
Unloading 2618 Unused Serialized files (Serialized files now loaded: 0)
System memory in use before: 122.5 MB.
System memory in use after: 122.7 MB.

Unloading 14 unused Assets to reduce memory usage. Loaded Objects now: 3204.
Total: 2.831300 ms (FindLiveObjects: 0.380000 ms CreateObjectMapping: 0.191000 ms MarkObjects: 2.232900 ms  DeleteObjects: 0.026200 ms)

AssetImportParameters requested are different than current active one (requested -> active):
  custom:graphics/normal-map-encoding: 01000000000000000000000000000000 -> 02000000000000000000000000000000
========================================================================
Received Prepare
Registering precompiled user dll's ...
Registered in 0.003349 seconds.
Begin MonoManager ReloadAssembly
Native extension for WindowsStandalone target not found
Refreshing native plugins compatible for Editor in 0.45 ms, found 2 plugins.
Preloading 0 native plugins for Editor in 0.00 ms.
Mono: successfully reloaded assembly
- Completed reload, in  0.890 seconds
Platform modules already initialized, skipping
OnLevelWasLoaded was found on UIManager
This message has been deprecated and will be removed in a later version of Unity.
Add a delegate to SceneManager.sceneLoaded instead to get notifications after scene loading has completed

OnLevelWasLoaded was found on GameManager
This message has been deprecated and will be removed in a later version of Unity.
Add a delegate to SceneManager.sceneLoaded instead to get notifications after scene loading has completed

Switching build target platform(5) subTarget(0) extendedPlatform(0) -> platform(13) subTarget(524288) extendedPlatform(0)
Shader 'Universal Render Pipeline/Particles/Lit': fallback shader 'Universal Render Pipeline/Particles/SimpleLit' not found
Refreshing native plugins compatible for Editor in 0.46 ms, found 2 plugins.
Preloading 0 native plugins for Editor in 0.00 ms.
Unloading 2618 Unused Serialized files (Serialized files now loaded: 0)
System memory in use before: 122.5 MB.
System memory in use after: 122.7 MB.

Unloading 14 unused Assets to reduce memory usage. Loaded Objects now: 3207.
Total: 3.032400 ms (FindLiveObjects: 0.339400 ms CreateObjectMapping: 0.161500 ms MarkObjects: 2.494300 ms  DeleteObjects: 0.035500 ms)

AssetImportParameters requested are different than current active one (requested -> active):
  custom:graphics/normal-map-encoding: 01000000000000000000000000000000 -> 02000000000000000000000000000000
========================================================================
Received Prepare
Registering precompiled user dll's ...
Registered in 0.003498 seconds.
Begin MonoManager ReloadAssembly
Native extension for WindowsStandalone target not found
Refreshing native plugins compatible for Editor in 0.86 ms, found 2 plugins.
Preloading 0 native plugins for Editor in 0.00 ms.
Mono: successfully reloaded assembly
- Completed reload, in  1.042 seconds
Platform modules already initialized, skipping
OnLevelWasLoaded was found on UIManager
This message has been deprecated and will be removed in a later version of Unity.
Add a delegate to SceneManager.sceneLoaded instead to get notifications after scene loading has completed

OnLevelWasLoaded was found on GameManager
This message has been deprecated and will be removed in a later version of Unity.
Add a delegate to SceneManager.sceneLoaded instead to get notifications after scene loading has completed

Switching build target platform(5) subTarget(0) extendedPlatform(0) -> platform(13) subTarget(524288) extendedPlatform(0)
Shader 'Universal Render Pipeline/Particles/Lit': fallback shader 'Universal Render Pipeline/Particles/SimpleLit' not found
Refreshing native plugins compatible for Editor in 0.91 ms, found 2 plugins.
Preloading 0 native plugins for Editor in 0.00 ms.
Unloading 2618 Unused Serialized files (Serialized files now loaded: 0)
System memory in use before: 122.5 MB.
System memory in use after: 122.7 MB.

Unloading 14 unused Assets to reduce memory usage. Loaded Objects now: 3210.
Total: 2.887600 ms (FindLiveObjects: 0.358600 ms CreateObjectMapping: 0.243100 ms MarkObjects: 2.264700 ms  DeleteObjects: 0.019700 ms)

AssetImportParameters requested are different than current active one (requested -> active):
  custom:graphics/normal-map-encoding: 01000000000000000000000000000000 -> 02000000000000000000000000000000
========================================================================
Received Import Request.
  Time since last request: 711.356360 seconds.
  path: Assets/Prefabs/FinishLine.prefab
  artifactKey: Guid(a577374839df23e42840df72844f1c78) Importer(815301076,1909f56bfc062723c751e8b465ee728b)
Start importing Assets/Prefabs/FinishLine.prefab using Guid(a577374839df23e42840df72844f1c78) Importer(815301076,1909f56bfc062723c751e8b465ee728b)  -> (artifact id: '64f2f1b386fd9868133b63eca52df209') in 0.231983 seconds
  Import took 0.237768 seconds .

========================================================================
Received Import Request.
  Time since last request: 0.924176 seconds.
  path: Assets/Prefabs/FinishLine.prefab
  artifactKey: Guid(a577374839df23e42840df72844f1c78) Importer(815301076,1909f56bfc062723c751e8b465ee728b)
Start importing Assets/Prefabs/FinishLine.prefab using Guid(a577374839df23e42840df72844f1c78) Importer(815301076,1909f56bfc062723c751e8b465ee728b)  -> (artifact id: '4c63c67612653038f8878702c10093d1') in 0.016490 seconds
  Import took 0.022676 seconds .

========================================================================
Received Import Request.
  Time since last request: 4.152992 seconds.
  path: Assets/Prefabs/FinishLine.prefab
  artifactKey: Guid(a577374839df23e42840df72844f1c78) Importer(815301076,1909f56bfc062723c751e8b465ee728b)
Start importing Assets/Prefabs/FinishLine.prefab using Guid(a577374839df23e42840df72844f1c78) Importer(815301076,1909f56bfc062723c751e8b465ee728b)  -> (artifact id: '505b0e2540d41b1a6b3c2aa44a9889cb') in 0.020891 seconds
  Import took 0.026095 seconds .

========================================================================
Received Import Request.
  Time since last request: 2.410724 seconds.
  path: Assets/Prefabs/FinishLine.prefab
  artifactKey: Guid(a577374839df23e42840df72844f1c78) Importer(815301076,1909f56bfc062723c751e8b465ee728b)
Start importing Assets/Prefabs/FinishLine.prefab using Guid(a577374839df23e42840df72844f1c78) Importer(815301076,1909f56bfc062723c751e8b465ee728b)  -> (artifact id: 'bec1627580971c9dfcc9c2e3da34f225') in 0.017014 seconds
  Import took 0.023774 seconds .

========================================================================
Received Import Request.
  Time since last request: 0.567650 seconds.
  path: Assets/Prefabs/FinishLine.prefab
  artifactKey: Guid(a577374839df23e42840df72844f1c78) Importer(815301076,1909f56bfc062723c751e8b465ee728b)
Start importing Assets/Prefabs/FinishLine.prefab using Guid(a577374839df23e42840df72844f1c78) Importer(815301076,1909f56bfc062723c751e8b465ee728b)  -> (artifact id: '85f1ac26635daf5d3eb476b8ec26c6d0') in 0.019936 seconds
  Import took 0.024409 seconds .

========================================================================
Received Import Request.
  Time since last request: 5.031430 seconds.
  path: Assets/Prefabs/FinishLine.prefab
  artifactKey: Guid(a577374839df23e42840df72844f1c78) Importer(815301076,1909f56bfc062723c751e8b465ee728b)
Start importing Assets/Prefabs/FinishLine.prefab using Guid(a577374839df23e42840df72844f1c78) Importer(815301076,1909f56bfc062723c751e8b465ee728b)  -> (artifact id: 'ab0a3fc0b7c0a66ab711d5ae651f69ed') in 0.016351 seconds
  Import took 0.021571 seconds .

========================================================================
Received Import Request.
  Time since last request: 1.816095 seconds.
  path: Assets/Prefabs/FinishLine.prefab
  artifactKey: Guid(a577374839df23e42840df72844f1c78) Importer(815301076,1909f56bfc062723c751e8b465ee728b)
Start importing Assets/Prefabs/FinishLine.prefab using Guid(a577374839df23e42840df72844f1c78) Importer(815301076,1909f56bfc062723c751e8b465ee728b)  -> (artifact id: 'f4528216923784cfb0b562ea04fb3378') in 0.018300 seconds
  Import took 0.022961 seconds .

========================================================================
Received Import Request.
  Time since last request: 462.884056 seconds.
  path: Assets/Prefabs/FinishLine.prefab
  artifactKey: Guid(a577374839df23e42840df72844f1c78) Importer(815301076,1909f56bfc062723c751e8b465ee728b)
Start importing Assets/Prefabs/FinishLine.prefab using Guid(a577374839df23e42840df72844f1c78) Importer(815301076,1909f56bfc062723c751e8b465ee728b)  -> (artifact id: '4d0c6fd2d46b0c78dafe2aa19295c46e') in 0.038561 seconds
  Import took 0.043421 seconds .

========================================================================
Received Import Request.
  Time since last request: 22.842726 seconds.
  path: Assets/Prefabs/FinishLine.prefab
  artifactKey: Guid(a577374839df23e42840df72844f1c78) Importer(815301076,1909f56bfc062723c751e8b465ee728b)
Start importing Assets/Prefabs/FinishLine.prefab using Guid(a577374839df23e42840df72844f1c78) Importer(815301076,1909f56bfc062723c751e8b465ee728b)  -> (artifact id: '80947f675f3235099f0346f9ab50a29d') in 0.017423 seconds
  Import took 0.021746 seconds .

========================================================================
Received Import Request.
  Time since last request: 9.833992 seconds.
  path: Assets/Prefabs/FinishLine.prefab
  artifactKey: Guid(a577374839df23e42840df72844f1c78) Importer(815301076,1909f56bfc062723c751e8b465ee728b)
Start importing Assets/Prefabs/FinishLine.prefab using Guid(a577374839df23e42840df72844f1c78) Importer(815301076,1909f56bfc062723c751e8b465ee728b)  -> (artifact id: 'aa02881cd603e4097ad9f64b0bde7348') in 0.011543 seconds
  Import took 0.016064 seconds .

========================================================================
Received Import Request.
  Time since last request: 25.716644 seconds.
  path: Assets/Prefabs/FinishLine.prefab
  artifactKey: Guid(a577374839df23e42840df72844f1c78) Importer(815301076,1909f56bfc062723c751e8b465ee728b)
Start importing Assets/Prefabs/FinishLine.prefab using Guid(a577374839df23e42840df72844f1c78) Importer(815301076,1909f56bfc062723c751e8b465ee728b)  -> (artifact id: 'c35c07441c518010d8d77a5339424c26') in 0.019572 seconds
  Import took 0.024092 seconds .

========================================================================
Received Import Request.
  Time since last request: 2.202475 seconds.
  path: Assets/Prefabs/FinishLine.prefab
  artifactKey: Guid(a577374839df23e42840df72844f1c78) Importer(815301076,1909f56bfc062723c751e8b465ee728b)
Start importing Assets/Prefabs/FinishLine.prefab using Guid(a577374839df23e42840df72844f1c78) Importer(815301076,1909f56bfc062723c751e8b465ee728b)  -> (artifact id: 'a7c078c75366baca8b9863977bb54487') in 0.017213 seconds
  Import took 0.022172 seconds .

========================================================================
Received Import Request.
  Time since last request: 2.329369 seconds.
  path: Assets/Prefabs/FinishLine.prefab
  artifactKey: Guid(a577374839df23e42840df72844f1c78) Importer(815301076,1909f56bfc062723c751e8b465ee728b)
Start importing Assets/Prefabs/FinishLine.prefab using Guid(a577374839df23e42840df72844f1c78) Importer(815301076,1909f56bfc062723c751e8b465ee728b)  -> (artifact id: '14004efb76dcb36e3321ca25ec224512') in 0.015527 seconds
  Import took 0.020914 seconds .

========================================================================
Received Import Request.
  Time since last request: 8.529016 seconds.
  path: Assets/Prefabs/FinishLine.prefab
  artifactKey: Guid(a577374839df23e42840df72844f1c78) Importer(815301076,1909f56bfc062723c751e8b465ee728b)
Start importing Assets/Prefabs/FinishLine.prefab using Guid(a577374839df23e42840df72844f1c78) Importer(815301076,1909f56bfc062723c751e8b465ee728b)  -> (artifact id: 'e887105d8822aea7b0e414dcc1390abb') in 0.018278 seconds
  Import took 0.022722 seconds .

========================================================================
Received Import Request.
  Time since last request: 1.596433 seconds.
  path: Assets/Prefabs/FinishLine.prefab
  artifactKey: Guid(a577374839df23e42840df72844f1c78) Importer(815301076,1909f56bfc062723c751e8b465ee728b)
Start importing Assets/Prefabs/FinishLine.prefab using Guid(a577374839df23e42840df72844f1c78) Importer(815301076,1909f56bfc062723c751e8b465ee728b)  -> (artifact id: '0652ddb3ff00719c1b0a8da00a6b2e78') in 0.017588 seconds
  Import took 0.110274 seconds .

========================================================================
Received Import Request.
  Time since last request: 8.578806 seconds.
  path: Assets/Prefabs/FinishLine.prefab
  artifactKey: Guid(a577374839df23e42840df72844f1c78) Importer(815301076,1909f56bfc062723c751e8b465ee728b)
Start importing Assets/Prefabs/FinishLine.prefab using Guid(a577374839df23e42840df72844f1c78) Importer(815301076,1909f56bfc062723c751e8b465ee728b)  -> (artifact id: 'be63aa2c084002570d7a925c7dd3b3d5') in 0.016034 seconds
  Import took 0.022123 seconds .

========================================================================
Received Import Request.
  Time since last request: 1.286865 seconds.
  path: Assets/Prefabs/FinishLine.prefab
  artifactKey: Guid(a577374839df23e42840df72844f1c78) Importer(815301076,1909f56bfc062723c751e8b465ee728b)
Start importing Assets/Prefabs/FinishLine.prefab using Guid(a577374839df23e42840df72844f1c78) Importer(815301076,1909f56bfc062723c751e8b465ee728b)  -> (artifact id: 'a72575be524ca49579186f4d02eecf0c') in 0.019848 seconds
  Import took 0.024228 seconds .

========================================================================
Received Import Request.
  Time since last request: 3.095622 seconds.
  path: Assets/Prefabs/FinishLine.prefab
  artifactKey: Guid(a577374839df23e42840df72844f1c78) Importer(815301076,1909f56bfc062723c751e8b465ee728b)
Start importing Assets/Prefabs/FinishLine.prefab using Guid(a577374839df23e42840df72844f1c78) Importer(815301076,1909f56bfc062723c751e8b465ee728b)  -> (artifact id: '1d617fdd9ef4cd3fd4ce16294415e3ec') in 0.021459 seconds
  Import took 0.026098 seconds .

========================================================================
Received Prepare
Registering precompiled user dll's ...
Registered in 0.003501 seconds.
Begin MonoManager ReloadAssembly
Native extension for WindowsStandalone target not found
Refreshing native plugins compatible for Editor in 0.49 ms, found 2 plugins.
Preloading 0 native plugins for Editor in 0.00 ms.
Mono: successfully reloaded assembly
- Completed reload, in  0.955 seconds
Platform modules already initialized, skipping
OnLevelWasLoaded was found on UIManager
This message has been deprecated and will be removed in a later version of Unity.
Add a delegate to SceneManager.sceneLoaded instead to get notifications after scene loading has completed

OnLevelWasLoaded was found on GameManager
This message has been deprecated and will be removed in a later version of Unity.
Add a delegate to SceneManager.sceneLoaded instead to get notifications after scene loading has completed

Switching build target platform(5) subTarget(0) extendedPlatform(0) -> platform(13) subTarget(524288) extendedPlatform(0)
Shader 'Universal Render Pipeline/Particles/Lit': fallback shader 'Universal Render Pipeline/Particles/SimpleLit' not found
Refreshing native plugins compatible for Editor in 0.48 ms, found 2 plugins.
Preloading 0 native plugins for Editor in 0.00 ms.
Unloading 2618 Unused Serialized files (Serialized files now loaded: 0)
System memory in use before: 127.7 MB.
System memory in use after: 127.9 MB.

Unloading 14 unused Assets to reduce memory usage. Loaded Objects now: 3258.
Total: 2.428900 ms (FindLiveObjects: 0.264700 ms CreateObjectMapping: 0.146700 ms MarkObjects: 2.001000 ms  DeleteObjects: 0.015700 ms)

AssetImportParameters requested are different than current active one (requested -> active):
  custom:graphics/normal-map-encoding: 01000000000000000000000000000000 -> 02000000000000000000000000000000
========================================================================
Received Import Request.
  Time since last request: 23.210847 seconds.
  path: Assets/Prefabs/FinishLine.prefab
  artifactKey: Guid(a577374839df23e42840df72844f1c78) Importer(815301076,1909f56bfc062723c751e8b465ee728b)
Start importing Assets/Prefabs/FinishLine.prefab using Guid(a577374839df23e42840df72844f1c78) Importer(815301076,1909f56bfc062723c751e8b465ee728b)  -> (artifact id: '6ed9220e232b08996d87978c497bd1e5') in 0.138483 seconds
  Import took 0.142883 seconds .

========================================================================
Received Prepare
Registering precompiled user dll's ...
Registered in 0.005970 seconds.
Begin MonoManager ReloadAssembly
Native extension for WindowsStandalone target not found
Refreshing native plugins compatible for Editor in 0.62 ms, found 2 plugins.
Preloading 0 native plugins for Editor in 0.00 ms.
Mono: successfully reloaded assembly
- Completed reload, in  1.003 seconds
Platform modules already initialized, skipping
OnLevelWasLoaded was found on UIManager
This message has been deprecated and will be removed in a later version of Unity.
Add a delegate to SceneManager.sceneLoaded instead to get notifications after scene loading has completed

OnLevelWasLoaded was found on GameManager
This message has been deprecated and will be removed in a later version of Unity.
Add a delegate to SceneManager.sceneLoaded instead to get notifications after scene loading has completed

Switching build target platform(5) subTarget(0) extendedPlatform(0) -> platform(13) subTarget(524288) extendedPlatform(0)
Shader 'Universal Render Pipeline/Particles/Lit': fallback shader 'Universal Render Pipeline/Particles/SimpleLit' not found
Refreshing native plugins compatible for Editor in 0.44 ms, found 2 plugins.
Preloading 0 native plugins for Editor in 0.00 ms.
Unloading 2618 Unused Serialized files (Serialized files now loaded: 0)
System memory in use before: 127.8 MB.
System memory in use after: 128.0 MB.

Unloading 14 unused Assets to reduce memory usage. Loaded Objects now: 3297.
Total: 2.355200 ms (FindLiveObjects: 0.281100 ms CreateObjectMapping: 0.142800 ms MarkObjects: 1.915800 ms  DeleteObjects: 0.014800 ms)

AssetImportParameters requested are different than current active one (requested -> active):
  custom:graphics/normal-map-encoding: 01000000000000000000000000000000 -> 02000000000000000000000000000000
========================================================================
Received Import Request.
  Time since last request: 880.090481 seconds.
  path: Assets/Sprites/+1.png
  artifactKey: Guid(d072f6b9c0adc5142ba7b5f06f88d43a) Importer(815301076,1909f56bfc062723c751e8b465ee728b)
Start importing Assets/Sprites/+1.png using Guid(d072f6b9c0adc5142ba7b5f06f88d43a) Importer(815301076,1909f56bfc062723c751e8b465ee728b)  -> (artifact id: '568bb97cf206c5f043bb213bf713027f') in 0.068200 seconds
  Import took 0.072221 seconds .

========================================================================
Received Import Request.
  Time since last request: 0.000182 seconds.
  path: Assets/Sprites/LevelEndScoreBackground.png
  artifactKey: Guid(e562c6a71a3c78249b36f82168236059) Importer(815301076,1909f56bfc062723c751e8b465ee728b)
Start importing Assets/Sprites/LevelEndScoreBackground.png using Guid(e562c6a71a3c78249b36f82168236059) Importer(815301076,1909f56bfc062723c751e8b465ee728b)  -> (artifact id: 'a817539a9d23d679fa60bfbc49cb97bd') in 0.032447 seconds
  Import took 0.036548 seconds .

========================================================================
Received Import Request.
  Time since last request: 0.000200 seconds.
  path: Assets/Sprites/Diamond.png
  artifactKey: Guid(f48b815a8c72cbb40b96acf2ed312b86) Importer(815301076,1909f56bfc062723c751e8b465ee728b)
Start importing Assets/Sprites/Diamond.png using Guid(f48b815a8c72cbb40b96acf2ed312b86) Importer(815301076,1909f56bfc062723c751e8b465ee728b)  -> (artifact id: '09eb78b3f7103b2f3b8611bc10a0162f') in 0.029501 seconds
  Import took 0.061313 seconds .

========================================================================
Received Import Request.
  Time since last request: 0.000152 seconds.
  path: Assets/Sprites/StackBarBackground.png
  artifactKey: Guid(da9277167b71744239c5214b5690119c) Importer(815301076,1909f56bfc062723c751e8b465ee728b)
Start importing Assets/Sprites/StackBarBackground.png using Guid(da9277167b71744239c5214b5690119c) Importer(815301076,1909f56bfc062723c751e8b465ee728b)  -> (artifact id: 'd99485303df598571427fc6a53acc2a2') in 0.057742 seconds
  Import took 0.062033 seconds .

========================================================================
Received Import Request.
  Time since last request: 0.000199 seconds.
  path: Assets/Sprites/Asset 4.png
  artifactKey: Guid(ca09deac4bffcbe409f0dcc8cb790cf1) Importer(815301076,1909f56bfc062723c751e8b465ee728b)
Start importing Assets/Sprites/Asset 4.png using Guid(ca09deac4bffcbe409f0dcc8cb790cf1) Importer(815301076,1909f56bfc062723c751e8b465ee728b)  -> (artifact id: 'f536917f228d2ec1f230a45044d427e6') in 0.023499 seconds
  Import took 0.029256 seconds .

========================================================================
Received Import Request.
  Time since last request: 0.000710 seconds.
  path: Assets/Sprites/StackBarWhole.png
  artifactKey: Guid(ee517d83bca454849b7be2240aa45d07) Importer(815301076,1909f56bfc062723c751e8b465ee728b)
Start importing Assets/Sprites/StackBarWhole.png using Guid(ee517d83bca454849b7be2240aa45d07) Importer(815301076,1909f56bfc062723c751e8b465ee728b)  -> (artifact id: '2dc8814c26d75e3bb7aed2f02e2f93c7') in 0.035331 seconds
  Import took 0.041602 seconds .

========================================================================
Received Import Request.
  Time since last request: 0.000221 seconds.
  path: Assets/Sprites/UpgradePanelColor.png
  artifactKey: Guid(2ca163d389532524f8e73008e9201494) Importer(815301076,1909f56bfc062723c751e8b465ee728b)
Start importing Assets/Sprites/UpgradePanelColor.png using Guid(2ca163d389532524f8e73008e9201494) Importer(815301076,1909f56bfc062723c751e8b465ee728b)  -> (artifact id: 'ea83f86f175e55e7dd6294cecf787165') in 0.043570 seconds
  Import took 0.047561 seconds .

========================================================================
Received Import Request.
  Time since last request: 0.000208 seconds.
  path: Assets/Sprites/Coin.png
  artifactKey: Guid(4bff461cff3fa4075bb9424e10f9ef66) Importer(815301076,1909f56bfc062723c751e8b465ee728b)
Start importing Assets/Sprites/Coin.png using Guid(4bff461cff3fa4075bb9424e10f9ef66) Importer(815301076,1909f56bfc062723c751e8b465ee728b)  -> (artifact id: 'eb8ab741b8198cfd72e108f19a399e8d') in 0.016830 seconds
  Import took 0.020905 seconds .

========================================================================
Received Import Request.
  Time since last request: 0.000221 seconds.
  path: Assets/Sprites/StackBarFill.png
  artifactKey: Guid(c735192a7b8804db0bad97b142ffb2d8) Importer(815301076,1909f56bfc062723c751e8b465ee728b)
Start importing Assets/Sprites/StackBarFill.png using Guid(c735192a7b8804db0bad97b142ffb2d8) Importer(815301076,1909f56bfc062723c751e8b465ee728b)  -> (artifact id: 'bac438065fb210568adb62c64460c62d') in 0.035564 seconds
  Import took 0.041407 seconds .

========================================================================
Received Import Request.
  Time since last request: 0.000194 seconds.
  path: Assets/Sprites/Asset 3.png
  artifactKey: Guid(1e6622afe2e2f8a4d97eb80895ed27b4) Importer(815301076,1909f56bfc062723c751e8b465ee728b)
Start importing Assets/Sprites/Asset 3.png using Guid(1e6622afe2e2f8a4d97eb80895ed27b4) Importer(815301076,1909f56bfc062723c751e8b465ee728b)  -> (artifact id: 'f71e95aa0640838f6ae70b292787b075') in 0.014932 seconds
  Import took 0.021195 seconds .

========================================================================
Received Import Request.
  Time since last request: 0.000579 seconds.
  path: Assets/Sprites/UpgradePanelBackground.png
  artifactKey: Guid(79b0f8f8c05429c43bd51d2d7bd5831a) Importer(815301076,1909f56bfc062723c751e8b465ee728b)
Start importing Assets/Sprites/UpgradePanelBackground.png using Guid(79b0f8f8c05429c43bd51d2d7bd5831a) Importer(815301076,1909f56bfc062723c751e8b465ee728b)  -> (artifact id: 'c59eb32ba7fecd1381c442cec8d3a145') in 0.031642 seconds
  Import took 0.036817 seconds .

========================================================================
Received Import Request.
  Time since last request: 0.000201 seconds.
  path: Assets/Sprites/UIBackground.png
  artifactKey: Guid(32c177862c40f46259d9abab9741f7d0) Importer(815301076,1909f56bfc062723c751e8b465ee728b)
Start importing Assets/Sprites/UIBackground.png using Guid(32c177862c40f46259d9abab9741f7d0) Importer(815301076,1909f56bfc062723c751e8b465ee728b)  -> (artifact id: '53a2a49f3103fdc2420c4a9e8ded729e') in 0.032420 seconds
  Import took 0.036837 seconds .

========================================================================
Received Import Request.
  Time since last request: 0.000220 seconds.
  path: Assets/Sprites/LevelBackground.png
  artifactKey: Guid(0c7805ac9f4cf0e458ffbd84e6927ccc) Importer(815301076,1909f56bfc062723c751e8b465ee728b)
Start importing Assets/Sprites/LevelBackground.png using Guid(0c7805ac9f4cf0e458ffbd84e6927ccc) Importer(815301076,1909f56bfc062723c751e8b465ee728b)  -> (artifact id: 'be0abeb8fc1c8999b66610cfaf01422f') in 0.043898 seconds
  Import took 0.048693 seconds .

========================================================================
Received Import Request.
  Time since last request: 0.000141 seconds.
  path: Assets/Sprites/Hand.png
  artifactKey: Guid(959fa87ce2cae36468378987d790cda4) Importer(815301076,1909f56bfc062723c751e8b465ee728b)
Start importing Assets/Sprites/Hand.png using Guid(959fa87ce2cae36468378987d790cda4) Importer(815301076,1909f56bfc062723c751e8b465ee728b)  -> (artifact id: '7f922b50f20e9a71c3fcff9cd2f18d95') in 0.019159 seconds
  Import took 0.025569 seconds .

========================================================================
Received Import Request.
  Time since last request: 0.000302 seconds.
  path: Assets/Sprites/FinishLine.png
  artifactKey: Guid(864e6f0029c11ff4f904c2e7b6807ecd) Importer(815301076,1909f56bfc062723c751e8b465ee728b)
Start importing Assets/Sprites/FinishLine.png using Guid(864e6f0029c11ff4f904c2e7b6807ecd) Importer(815301076,1909f56bfc062723c751e8b465ee728b)  -> (artifact id: '5981ab85d53cd9318616635478ed746b') in 0.016792 seconds
  Import took 0.022888 seconds .

========================================================================
Received Import Request.
  Time since last request: 0.000223 seconds.
  path: Assets/Sprites/FinishText.png
  artifactKey: Guid(ff243ebab3968fb42a34669979e46252) Importer(815301076,1909f56bfc062723c751e8b465ee728b)
Start importing Assets/Sprites/FinishText.png using Guid(ff243ebab3968fb42a34669979e46252) Importer(815301076,1909f56bfc062723c751e8b465ee728b)  -> (artifact id: '09be68ed631f65756a1f83e8e8d8d502') in 0.033140 seconds
  Import took 0.039037 seconds .

========================================================================
Received Import Request.
  Time since last request: 0.000163 seconds.
  path: Assets/Sprites/VFXSprite.png
  artifactKey: Guid(09d00d2c06ebf254d9d684d3f6eaefba) Importer(815301076,1909f56bfc062723c751e8b465ee728b)
Start importing Assets/Sprites/VFXSprite.png using Guid(09d00d2c06ebf254d9d684d3f6eaefba) Importer(815301076,1909f56bfc062723c751e8b465ee728b)  -> (artifact id: '2377cb3fe2177c919628c8ce8b1c7413') in 0.015816 seconds
  Import took 0.021813 seconds .

========================================================================
Received Import Request.
  Time since last request: 0.000197 seconds.
  path: Assets/Sprites/FinishFlag.png
  artifactKey: Guid(252c74446560700419a83323ac456061) Importer(815301076,1909f56bfc062723c751e8b465ee728b)
Start importing Assets/Sprites/FinishFlag.png using Guid(252c74446560700419a83323ac456061) Importer(815301076,1909f56bfc062723c751e8b465ee728b)  -> (artifact id: '861fe2eeaac70d8199a06b62ec529886') in 0.081747 seconds
  Import took 0.104044 seconds .

========================================================================
Received Import Request.
  Time since last request: 0.000164 seconds.
  path: Assets/Sprites/Button.png
  artifactKey: Guid(bb29903063ffc48b3a4009e538e13d05) Importer(815301076,1909f56bfc062723c751e8b465ee728b)
Start importing Assets/Sprites/Button.png using Guid(bb29903063ffc48b3a4009e538e13d05) Importer(815301076,1909f56bfc062723c751e8b465ee728b)  -> (artifact id: '8a6dca3635b9391e5e6b277f4b417a42') in 0.041126 seconds
  Import took 0.045262 seconds .

========================================================================
Received Import Request.
  Time since last request: 0.000182 seconds.
  path: Assets/Sprites/GradientFinishLine.png
  artifactKey: Guid(fb48be3fd87ed394cb0179706c490a0c) Importer(815301076,1909f56bfc062723c751e8b465ee728b)
Start importing Assets/Sprites/GradientFinishLine.png using Guid(fb48be3fd87ed394cb0179706c490a0c) Importer(815301076,1909f56bfc062723c751e8b465ee728b)  -> (artifact id: '5de3b5cca3268ec8e288f17fef43dbd3') in 0.031731 seconds
  Import took 0.036540 seconds .

========================================================================
Received Import Request.
  Time since last request: 0.000159 seconds.
  path: Assets/Sprites/Button.png
  artifactKey: Guid(bb29903063ffc48b3a4009e538e13d05) Importer(815301076,1909f56bfc062723c751e8b465ee728b)
Start importing Assets/Sprites/Button.png using Guid(bb29903063ffc48b3a4009e538e13d05) Importer(815301076,1909f56bfc062723c751e8b465ee728b)  -> (artifact id: '8a6dca3635b9391e5e6b277f4b417a42') in 0.009487 seconds
  Import took 0.015040 seconds .

========================================================================
Received Import Request.
  Time since last request: 0.000226 seconds.
  path: Assets/Sprites/GradientFinishLine.png
  artifactKey: Guid(fb48be3fd87ed394cb0179706c490a0c) Importer(815301076,1909f56bfc062723c751e8b465ee728b)
Start importing Assets/Sprites/GradientFinishLine.png using Guid(fb48be3fd87ed394cb0179706c490a0c) Importer(815301076,1909f56bfc062723c751e8b465ee728b)  -> (artifact id: '5de3b5cca3268ec8e288f17fef43dbd3') in 0.010397 seconds
  Import took 0.016831 seconds .

========================================================================
Received Import Request.
  Time since last request: 22.675065 seconds.
  path: Assets/Sprites/Asset 4.png
  artifactKey: Guid(ca09deac4bffcbe409f0dcc8cb790cf1) Importer(815301076,1909f56bfc062723c751e8b465ee728b)
Start importing Assets/Sprites/Asset 4.png using Guid(ca09deac4bffcbe409f0dcc8cb790cf1) Importer(815301076,1909f56bfc062723c751e8b465ee728b)  -> (artifact id: 'abe3ce413e5505f43a12d74603f1c356') in 0.022016 seconds
  Import took 0.035925 seconds .

========================================================================
Received Prepare
Registering precompiled user dll's ...
Registered in 0.003605 seconds.
Begin MonoManager ReloadAssembly
Native extension for WindowsStandalone target not found
Refreshing native plugins compatible for Editor in 0.45 ms, found 2 plugins.
Preloading 0 native plugins for Editor in 0.00 ms.
Mono: successfully reloaded assembly
- Completed reload, in  0.956 seconds
Platform modules already initialized, skipping
OnLevelWasLoaded was found on UIManager
This message has been deprecated and will be removed in a later version of Unity.
Add a delegate to SceneManager.sceneLoaded instead to get notifications after scene loading has completed

OnLevelWasLoaded was found on GameManager
This message has been deprecated and will be removed in a later version of Unity.
Add a delegate to SceneManager.sceneLoaded instead to get notifications after scene loading has completed

Switching build target platform(5) subTarget(0) extendedPlatform(0) -> platform(13) subTarget(524288) extendedPlatform(0)
Shader 'Universal Render Pipeline/Particles/Lit': fallback shader 'Universal Render Pipeline/Particles/SimpleLit' not found
Refreshing native plugins compatible for Editor in 0.59 ms, found 2 plugins.
Preloading 0 native plugins for Editor in 0.00 ms.
Unloading 2618 Unused Serialized files (Serialized files now loaded: 0)
System memory in use before: 127.9 MB.
System memory in use after: 128.1 MB.

Unloading 14 unused Assets to reduce memory usage. Loaded Objects now: 3331.
Total: 2.285500 ms (FindLiveObjects: 0.263000 ms CreateObjectMapping: 0.138000 ms MarkObjects: 1.868900 ms  DeleteObjects: 0.014800 ms)

AssetImportParameters requested are different than current active one (requested -> active):
  custom:graphics/normal-map-encoding: 01000000000000000000000000000000 -> 02000000000000000000000000000000
========================================================================
Received Prepare
Registering precompiled user dll's ...
Registered in 0.004229 seconds.
Begin MonoManager ReloadAssembly
Native extension for WindowsStandalone target not found
Refreshing native plugins compatible for Editor in 0.54 ms, found 2 plugins.
Preloading 0 native plugins for Editor in 0.00 ms.
Mono: successfully reloaded assembly
- Completed reload, in  1.356 seconds
Platform modules already initialized, skipping
OnLevelWasLoaded was found on UIManager
This message has been deprecated and will be removed in a later version of Unity.
Add a delegate to SceneManager.sceneLoaded instead to get notifications after scene loading has completed

OnLevelWasLoaded was found on GameManager
This message has been deprecated and will be removed in a later version of Unity.
Add a delegate to SceneManager.sceneLoaded instead to get notifications after scene loading has completed

Switching build target platform(5) subTarget(0) extendedPlatform(0) -> platform(13) subTarget(524288) extendedPlatform(0)
Shader 'Universal Render Pipeline/Particles/Lit': fallback shader 'Universal Render Pipeline/Particles/SimpleLit' not found
Refreshing native plugins compatible for Editor in 0.76 ms, found 2 plugins.
Preloading 0 native plugins for Editor in 0.00 ms.
Unloading 2618 Unused Serialized files (Serialized files now loaded: 0)
System memory in use before: 127.9 MB.
System memory in use after: 128.1 MB.

Unloading 14 unused Assets to reduce memory usage. Loaded Objects now: 3334.
Total: 4.191000 ms (FindLiveObjects: 0.651200 ms CreateObjectMapping: 0.359000 ms MarkObjects: 3.161400 ms  DeleteObjects: 0.017500 ms)

AssetImportParameters requested are different than current active one (requested -> active):
  custom:graphics/normal-map-encoding: 01000000000000000000000000000000 -> 02000000000000000000000000000000
========================================================================
Received Prepare
Registering precompiled user dll's ...
Registered in 0.003306 seconds.
Begin MonoManager ReloadAssembly
Native extension for WindowsStandalone target not found
Refreshing native plugins compatible for Editor in 0.46 ms, found 2 plugins.
Preloading 0 native plugins for Editor in 0.00 ms.
Mono: successfully reloaded assembly
- Completed reload, in  0.974 seconds
Platform modules already initialized, skipping
OnLevelWasLoaded was found on UIManager
This message has been deprecated and will be removed in a later version of Unity.
Add a delegate to SceneManager.sceneLoaded instead to get notifications after scene loading has completed

OnLevelWasLoaded was found on GameManager
This message has been deprecated and will be removed in a later version of Unity.
Add a delegate to SceneManager.sceneLoaded instead to get notifications after scene loading has completed

Switching build target platform(5) subTarget(0) extendedPlatform(0) -> platform(13) subTarget(524288) extendedPlatform(0)
Shader 'Universal Render Pipeline/Particles/Lit': fallback shader 'Universal Render Pipeline/Particles/SimpleLit' not found
Refreshing native plugins compatible for Editor in 0.59 ms, found 2 plugins.
Preloading 0 native plugins for Editor in 0.00 ms.
Unloading 2618 Unused Serialized files (Serialized files now loaded: 0)
System memory in use before: 127.9 MB.
System memory in use after: 128.1 MB.

Unloading 14 unused Assets to reduce memory usage. Loaded Objects now: 3337.
Total: 2.851800 ms (FindLiveObjects: 0.304200 ms CreateObjectMapping: 0.149400 ms MarkObjects: 2.379600 ms  DeleteObjects: 0.017900 ms)

AssetImportParameters requested are different than current active one (requested -> active):
  custom:graphics/normal-map-encoding: 01000000000000000000000000000000 -> 02000000000000000000000000000000
========================================================================
Received Prepare
Registering precompiled user dll's ...
Registered in 0.003510 seconds.
Begin MonoManager ReloadAssembly
Native extension for WindowsStandalone target not found
Refreshing native plugins compatible for Editor in 0.49 ms, found 2 plugins.
Preloading 0 native plugins for Editor in 0.00 ms.
Mono: successfully reloaded assembly
- Completed reload, in  0.964 seconds
Platform modules already initialized, skipping
OnLevelWasLoaded was found on UIManager
This message has been deprecated and will be removed in a later version of Unity.
Add a delegate to SceneManager.sceneLoaded instead to get notifications after scene loading has completed

OnLevelWasLoaded was found on GameManager
This message has been deprecated and will be removed in a later version of Unity.
Add a delegate to SceneManager.sceneLoaded instead to get notifications after scene loading has completed

Switching build target platform(5) subTarget(0) extendedPlatform(0) -> platform(13) subTarget(524288) extendedPlatform(0)
Shader 'Universal Render Pipeline/Particles/Lit': fallback shader 'Universal Render Pipeline/Particles/SimpleLit' not found
Refreshing native plugins compatible for Editor in 0.48 ms, found 2 plugins.
Preloading 0 native plugins for Editor in 0.00 ms.
Unloading 2618 Unused Serialized files (Serialized files now loaded: 0)
System memory in use before: 127.9 MB.
System memory in use after: 128.1 MB.

Unloading 14 unused Assets to reduce memory usage. Loaded Objects now: 3340.
Total: 2.678600 ms (FindLiveObjects: 0.274800 ms CreateObjectMapping: 0.186100 ms MarkObjects: 2.202900 ms  DeleteObjects: 0.014100 ms)

AssetImportParameters requested are different than current active one (requested -> active):
  custom:graphics/normal-map-encoding: 01000000000000000000000000000000 -> 02000000000000000000000000000000
========================================================================
Received Prepare
Registering precompiled user dll's ...
Registered in 0.003844 seconds.
Begin MonoManager ReloadAssembly
Native extension for WindowsStandalone target not found
Refreshing native plugins compatible for Editor in 0.47 ms, found 2 plugins.
Preloading 0 native plugins for Editor in 0.00 ms.
Mono: successfully reloaded assembly
- Completed reload, in  0.959 seconds
Platform modules already initialized, skipping
OnLevelWasLoaded was found on UIManager
This message has been deprecated and will be removed in a later version of Unity.
Add a delegate to SceneManager.sceneLoaded instead to get notifications after scene loading has completed

OnLevelWasLoaded was found on GameManager
This message has been deprecated and will be removed in a later version of Unity.
Add a delegate to SceneManager.sceneLoaded instead to get notifications after scene loading has completed

Switching build target platform(5) subTarget(0) extendedPlatform(0) -> platform(13) subTarget(524288) extendedPlatform(0)
Shader 'Universal Render Pipeline/Particles/Lit': fallback shader 'Universal Render Pipeline/Particles/SimpleLit' not found
Refreshing native plugins compatible for Editor in 0.47 ms, found 2 plugins.
Preloading 0 native plugins for Editor in 0.00 ms.
Unloading 2618 Unused Serialized files (Serialized files now loaded: 0)
System memory in use before: 127.9 MB.
System memory in use after: 128.1 MB.

Unloading 14 unused Assets to reduce memory usage. Loaded Objects now: 3343.
Total: 2.474500 ms (FindLiveObjects: 0.307100 ms CreateObjectMapping: 0.126900 ms MarkObjects: 2.026300 ms  DeleteObjects: 0.013700 ms)

AssetImportParameters requested are different than current active one (requested -> active):
  custom:graphics/normal-map-encoding: 01000000000000000000000000000000 -> 02000000000000000000000000000000
========================================================================
Received Prepare
Registering precompiled user dll's ...
Registered in 0.425909 seconds.
Begin MonoManager ReloadAssembly
Native extension for WindowsStandalone target not found
Refreshing native plugins compatible for Editor in 0.52 ms, found 2 plugins.
Preloading 0 native plugins for Editor in 0.00 ms.
Mono: successfully reloaded assembly
- Completed reload, in  5.476 seconds
Platform modules already initialized, skipping
OnLevelWasLoaded was found on UIManager
This message has been deprecated and will be removed in a later version of Unity.
Add a delegate to SceneManager.sceneLoaded instead to get notifications after scene loading has completed

OnLevelWasLoaded was found on GameManager
This message has been deprecated and will be removed in a later version of Unity.
Add a delegate to SceneManager.sceneLoaded instead to get notifications after scene loading has completed

Switching build target platform(5) subTarget(0) extendedPlatform(0) -> platform(13) subTarget(524288) extendedPlatform(0)
Shader 'Universal Render Pipeline/Particles/Lit': fallback shader 'Universal Render Pipeline/Particles/SimpleLit' not found
Refreshing native plugins compatible for Editor in 0.45 ms, found 2 plugins.
Preloading 0 native plugins for Editor in 0.00 ms.
Unloading 2618 Unused Serialized files (Serialized files now loaded: 0)
System memory in use before: 127.9 MB.
System memory in use after: 128.1 MB.

Unloading 14 unused Assets to reduce memory usage. Loaded Objects now: 3346.
Total: 2.168400 ms (FindLiveObjects: 0.288000 ms CreateObjectMapping: 0.157000 ms MarkObjects: 1.706800 ms  DeleteObjects: 0.015800 ms)

AssetImportParameters requested are different than current active one (requested -> active):
  custom:graphics/normal-map-encoding: 01000000000000000000000000000000 -> 02000000000000000000000000000000
========================================================================
Received Import Request.
  Time since last request: 72804.747874 seconds.
  path: Assets/Prefabs/FinishLine.prefab
  artifactKey: Guid(a577374839df23e42840df72844f1c78) Importer(815301076,1909f56bfc062723c751e8b465ee728b)
Start importing Assets/Prefabs/FinishLine.prefab using Guid(a577374839df23e42840df72844f1c78) Importer(815301076,1909f56bfc062723c751e8b465ee728b)  -> (artifact id: '80ef045f55f1b6a26075cb0e1be7bcf4') in 0.598423 seconds
  Import took 0.827630 seconds .

========================================================================
Received Import Request.
  Time since last request: 10.875518 seconds.
  path: Assets/Prefabs/FinishLine.prefab
  artifactKey: Guid(a577374839df23e42840df72844f1c78) Importer(815301076,1909f56bfc062723c751e8b465ee728b)
Start importing Assets/Prefabs/FinishLine.prefab using Guid(a577374839df23e42840df72844f1c78) Importer(815301076,1909f56bfc062723c751e8b465ee728b)  -> (artifact id: '58b4253f108c36bd99ae20c58628c1a6') in 0.026806 seconds
  Import took 0.262536 seconds .

========================================================================
Received Import Request.
  Time since last request: 5.654123 seconds.
  path: Assets/Prefabs/FinishLine.prefab
  artifactKey: Guid(a577374839df23e42840df72844f1c78) Importer(815301076,1909f56bfc062723c751e8b465ee728b)
Start importing Assets/Prefabs/FinishLine.prefab using Guid(a577374839df23e42840df72844f1c78) Importer(815301076,1909f56bfc062723c751e8b465ee728b)  -> (artifact id: '47d4f0709810b37e28cffc3dc6bc8194') in 0.019732 seconds
  Import took 0.607226 seconds .

========================================================================
Received Import Request.
  Time since last request: 4.464197 seconds.
  path: Assets/Prefabs/FinishLine.prefab
  artifactKey: Guid(a577374839df23e42840df72844f1c78) Importer(815301076,1909f56bfc062723c751e8b465ee728b)
Start importing Assets/Prefabs/FinishLine.prefab using Guid(a577374839df23e42840df72844f1c78) Importer(815301076,1909f56bfc062723c751e8b465ee728b)  -> (artifact id: 'dcac7c87c51fc66387fd8c2e1f9c7604') in 0.018102 seconds
  Import took 0.145001 seconds .

========================================================================
Received Import Request.
  Time since last request: 2.822730 seconds.
  path: Assets/Prefabs/FinishLine.prefab
  artifactKey: Guid(a577374839df23e42840df72844f1c78) Importer(815301076,1909f56bfc062723c751e8b465ee728b)
Start importing Assets/Prefabs/FinishLine.prefab using Guid(a577374839df23e42840df72844f1c78) Importer(815301076,1909f56bfc062723c751e8b465ee728b)  -> (artifact id: '41193d22d6cfeccb5c56947baee0f518') in 0.017491 seconds
  Import took 0.131022 seconds .

========================================================================
Received Import Request.
  Time since last request: 3.745172 seconds.
  path: Assets/Prefabs/FinishLine.prefab
  artifactKey: Guid(a577374839df23e42840df72844f1c78) Importer(815301076,1909f56bfc062723c751e8b465ee728b)
Start importing Assets/Prefabs/FinishLine.prefab using Guid(a577374839df23e42840df72844f1c78) Importer(815301076,1909f56bfc062723c751e8b465ee728b)  -> (artifact id: 'e8359a7a6e24be3cff5c255d6dea8386') in 0.018849 seconds
  Import took 0.085590 seconds .

========================================================================
Received Prepare
Registering precompiled user dll's ...
Registered in 0.003238 seconds.
Begin MonoManager ReloadAssembly
Native extension for WindowsStandalone target not found
Refreshing native plugins compatible for Editor in 0.45 ms, found 2 plugins.
Preloading 0 native plugins for Editor in 0.00 ms.
Mono: successfully reloaded assembly
- Completed reload, in  0.962 seconds
Platform modules already initialized, skipping
OnLevelWasLoaded was found on UIManager
This message has been deprecated and will be removed in a later version of Unity.
Add a delegate to SceneManager.sceneLoaded instead to get notifications after scene loading has completed

OnLevelWasLoaded was found on GameManager
This message has been deprecated and will be removed in a later version of Unity.
Add a delegate to SceneManager.sceneLoaded instead to get notifications after scene loading has completed

Switching build target platform(5) subTarget(0) extendedPlatform(0) -> platform(13) subTarget(524288) extendedPlatform(0)
Shader 'Universal Render Pipeline/Particles/Lit': fallback shader 'Universal Render Pipeline/Particles/SimpleLit' not found
Refreshing native plugins compatible for Editor in 0.59 ms, found 2 plugins.
Preloading 0 native plugins for Editor in 0.00 ms.
Unloading 2618 Unused Serialized files (Serialized files now loaded: 0)
System memory in use before: 128.1 MB.
System memory in use after: 128.4 MB.

Unloading 14 unused Assets to reduce memory usage. Loaded Objects now: 3385.
Total: 3.194400 ms (FindLiveObjects: 0.398500 ms CreateObjectMapping: 0.266200 ms MarkObjects: 2.510500 ms  DeleteObjects: 0.018000 ms)

AssetImportParameters requested are different than current active one (requested -> active):
  custom:graphics/normal-map-encoding: 01000000000000000000000000000000 -> 02000000000000000000000000000000
========================================================================
Received Import Request.
  Time since last request: 34.780462 seconds.
  path: Assets/Prefabs/FinishLine.prefab
  artifactKey: Guid(a577374839df23e42840df72844f1c78) Importer(815301076,1909f56bfc062723c751e8b465ee728b)
Start importing Assets/Prefabs/FinishLine.prefab using Guid(a577374839df23e42840df72844f1c78) Importer(815301076,1909f56bfc062723c751e8b465ee728b)  -> (artifact id: '31edf184051e78dc86e8087a37334e9e') in 0.146162 seconds
  Import took 0.513610 seconds .

========================================================================
Received Prepare
Registering precompiled user dll's ...
Registered in 0.003876 seconds.
Begin MonoManager ReloadAssembly
Native extension for WindowsStandalone target not found
Refreshing native plugins compatible for Editor in 0.45 ms, found 2 plugins.
Preloading 0 native plugins for Editor in 0.00 ms.
Mono: successfully reloaded assembly
- Completed reload, in  0.955 seconds
Platform modules already initialized, skipping
OnLevelWasLoaded was found on UIManager
This message has been deprecated and will be removed in a later version of Unity.
Add a delegate to SceneManager.sceneLoaded instead to get notifications after scene loading has completed

OnLevelWasLoaded was found on GameManager
This message has been deprecated and will be removed in a later version of Unity.
Add a delegate to SceneManager.sceneLoaded instead to get notifications after scene loading has completed

Switching build target platform(5) subTarget(0) extendedPlatform(0) -> platform(13) subTarget(524288) extendedPlatform(0)
Shader 'Universal Render Pipeline/Particles/Lit': fallback shader 'Universal Render Pipeline/Particles/SimpleLit' not found
Refreshing native plugins compatible for Editor in 0.45 ms, found 2 plugins.
Preloading 0 native plugins for Editor in 0.00 ms.
Unloading 2618 Unused Serialized files (Serialized files now loaded: 0)
System memory in use before: 128.3 MB.
System memory in use after: 128.5 MB.

Unloading 14 unused Assets to reduce memory usage. Loaded Objects now: 3424.
Total: 2.603700 ms (FindLiveObjects: 0.277500 ms CreateObjectMapping: 0.153000 ms MarkObjects: 2.140000 ms  DeleteObjects: 0.032300 ms)

AssetImportParameters requested are different than current active one (requested -> active):
  custom:graphics/normal-map-encoding: 01000000000000000000000000000000 -> 02000000000000000000000000000000
========================================================================
Received Prepare
Registering precompiled user dll's ...
Registered in 0.003324 seconds.
Begin MonoManager ReloadAssembly
Native extension for WindowsStandalone target not found
Refreshing native plugins compatible for Editor in 0.45 ms, found 2 plugins.
Preloading 0 native plugins for Editor in 0.00 ms.
Mono: successfully reloaded assembly
- Completed reload, in  0.995 seconds
Platform modules already initialized, skipping
OnLevelWasLoaded was found on UIManager
This message has been deprecated and will be removed in a later version of Unity.
Add a delegate to SceneManager.sceneLoaded instead to get notifications after scene loading has completed

OnLevelWasLoaded was found on GameManager
This message has been deprecated and will be removed in a later version of Unity.
Add a delegate to SceneManager.sceneLoaded instead to get notifications after scene loading has completed

Switching build target platform(5) subTarget(0) extendedPlatform(0) -> platform(13) subTarget(524288) extendedPlatform(0)
Shader 'Universal Render Pipeline/Particles/Lit': fallback shader 'Universal Render Pipeline/Particles/SimpleLit' not found
Refreshing native plugins compatible for Editor in 0.55 ms, found 2 plugins.
Preloading 0 native plugins for Editor in 0.00 ms.
Unloading 2618 Unused Serialized files (Serialized files now loaded: 0)
System memory in use before: 128.3 MB.
System memory in use after: 128.5 MB.

Unloading 14 unused Assets to reduce memory usage. Loaded Objects now: 3427.
Total: 2.796200 ms (FindLiveObjects: 0.372300 ms CreateObjectMapping: 0.210600 ms MarkObjects: 2.189900 ms  DeleteObjects: 0.022300 ms)

AssetImportParameters requested are different than current active one (requested -> active):
  custom:graphics/normal-map-encoding: 01000000000000000000000000000000 -> 02000000000000000000000000000000
========================================================================
Received Prepare
Registering precompiled user dll's ...
Registered in 0.003258 seconds.
Begin MonoManager ReloadAssembly
Native extension for WindowsStandalone target not found
Refreshing native plugins compatible for Editor in 0.48 ms, found 2 plugins.
Preloading 0 native plugins for Editor in 0.00 ms.
Mono: successfully reloaded assembly
- Completed reload, in  1.004 seconds
Platform modules already initialized, skipping
OnLevelWasLoaded was found on UIManager
This message has been deprecated and will be removed in a later version of Unity.
Add a delegate to SceneManager.sceneLoaded instead to get notifications after scene loading has completed

OnLevelWasLoaded was found on GameManager
This message has been deprecated and will be removed in a later version of Unity.
Add a delegate to SceneManager.sceneLoaded instead to get notifications after scene loading has completed

Switching build target platform(5) subTarget(0) extendedPlatform(0) -> platform(13) subTarget(524288) extendedPlatform(0)
Shader 'Universal Render Pipeline/Particles/Lit': fallback shader 'Universal Render Pipeline/Particles/SimpleLit' not found
Refreshing native plugins compatible for Editor in 0.45 ms, found 2 plugins.
Preloading 0 native plugins for Editor in 0.00 ms.
Unloading 2618 Unused Serialized files (Serialized files now loaded: 0)
System memory in use before: 128.3 MB.
System memory in use after: 128.5 MB.

Unloading 14 unused Assets to reduce memory usage. Loaded Objects now: 3430.
Total: 2.290500 ms (FindLiveObjects: 0.280800 ms CreateObjectMapping: 0.142200 ms MarkObjects: 1.852200 ms  DeleteObjects: 0.014200 ms)

AssetImportParameters requested are different than current active one (requested -> active):
  custom:graphics/normal-map-encoding: 01000000000000000000000000000000 -> 02000000000000000000000000000000
========================================================================
Received Prepare
Registering precompiled user dll's ...
Registered in 0.005772 seconds.
Begin MonoManager ReloadAssembly
Native extension for WindowsStandalone target not found
Refreshing native plugins compatible for Editor in 0.47 ms, found 2 plugins.
Preloading 0 native plugins for Editor in 0.00 ms.
Mono: successfully reloaded assembly
- Completed reload, in  0.954 seconds
Platform modules already initialized, skipping
OnLevelWasLoaded was found on UIManager
This message has been deprecated and will be removed in a later version of Unity.
Add a delegate to SceneManager.sceneLoaded instead to get notifications after scene loading has completed

OnLevelWasLoaded was found on GameManager
This message has been deprecated and will be removed in a later version of Unity.
Add a delegate to SceneManager.sceneLoaded instead to get notifications after scene loading has completed

Switching build target platform(5) subTarget(0) extendedPlatform(0) -> platform(13) subTarget(524288) extendedPlatform(0)
Shader 'Universal Render Pipeline/Particles/Lit': fallback shader 'Universal Render Pipeline/Particles/SimpleLit' not found
Refreshing native plugins compatible for Editor in 0.46 ms, found 2 plugins.
Preloading 0 native plugins for Editor in 0.00 ms.
Unloading 2618 Unused Serialized files (Serialized files now loaded: 0)
System memory in use before: 128.3 MB.
System memory in use after: 128.5 MB.

Unloading 14 unused Assets to reduce memory usage. Loaded Objects now: 3433.
Total: 2.528900 ms (FindLiveObjects: 0.287200 ms CreateObjectMapping: 0.133100 ms MarkObjects: 2.093000 ms  DeleteObjects: 0.014700 ms)

AssetImportParameters requested are different than current active one (requested -> active):
  custom:graphics/normal-map-encoding: 01000000000000000000000000000000 -> 02000000000000000000000000000000
========================================================================
Received Prepare
Registering precompiled user dll's ...
Registered in 0.004733 seconds.
Begin MonoManager ReloadAssembly
Native extension for WindowsStandalone target not found
Refreshing native plugins compatible for Editor in 0.45 ms, found 2 plugins.
Preloading 0 native plugins for Editor in 0.00 ms.
Mono: successfully reloaded assembly
- Completed reload, in  0.986 seconds
Platform modules already initialized, skipping
OnLevelWasLoaded was found on UIManager
This message has been deprecated and will be removed in a later version of Unity.
Add a delegate to SceneManager.sceneLoaded instead to get notifications after scene loading has completed

OnLevelWasLoaded was found on GameManager
This message has been deprecated and will be removed in a later version of Unity.
Add a delegate to SceneManager.sceneLoaded instead to get notifications after scene loading has completed

Switching build target platform(5) subTarget(0) extendedPlatform(0) -> platform(13) subTarget(524288) extendedPlatform(0)
Shader 'Universal Render Pipeline/Particles/Lit': fallback shader 'Universal Render Pipeline/Particles/SimpleLit' not found
Refreshing native plugins compatible for Editor in 0.62 ms, found 2 plugins.
Preloading 0 native plugins for Editor in 0.00 ms.
Unloading 2618 Unused Serialized files (Serialized files now loaded: 0)
System memory in use before: 128.3 MB.
System memory in use after: 128.5 MB.

Unloading 14 unused Assets to reduce memory usage. Loaded Objects now: 3436.
Total: 2.296800 ms (FindLiveObjects: 0.292100 ms CreateObjectMapping: 0.125900 ms MarkObjects: 1.863400 ms  DeleteObjects: 0.014400 ms)

AssetImportParameters requested are different than current active one (requested -> active):
  custom:graphics/normal-map-encoding: 01000000000000000000000000000000 -> 02000000000000000000000000000000
========================================================================
Received Prepare
Registering precompiled user dll's ...
Registered in 0.003249 seconds.
Begin MonoManager ReloadAssembly
Native extension for WindowsStandalone target not found
Refreshing native plugins compatible for Editor in 0.64 ms, found 2 plugins.
Preloading 0 native plugins for Editor in 0.00 ms.
Mono: successfully reloaded assembly
- Completed reload, in  1.003 seconds
Platform modules already initialized, skipping
OnLevelWasLoaded was found on UIManager
This message has been deprecated and will be removed in a later version of Unity.
Add a delegate to SceneManager.sceneLoaded instead to get notifications after scene loading has completed

OnLevelWasLoaded was found on GameManager
This message has been deprecated and will be removed in a later version of Unity.
Add a delegate to SceneManager.sceneLoaded instead to get notifications after scene loading has completed

Switching build target platform(5) subTarget(0) extendedPlatform(0) -> platform(13) subTarget(524288) extendedPlatform(0)
Shader 'Universal Render Pipeline/Particles/Lit': fallback shader 'Universal Render Pipeline/Particles/SimpleLit' not found
Refreshing native plugins compatible for Editor in 0.49 ms, found 2 plugins.
Preloading 0 native plugins for Editor in 0.00 ms.
Unloading 2618 Unused Serialized files (Serialized files now loaded: 0)
System memory in use before: 128.3 MB.
System memory in use after: 128.5 MB.

Unloading 14 unused Assets to reduce memory usage. Loaded Objects now: 3439.
Total: 2.313800 ms (FindLiveObjects: 0.310200 ms CreateObjectMapping: 0.147000 ms MarkObjects: 1.840600 ms  DeleteObjects: 0.015200 ms)

AssetImportParameters requested are different than current active one (requested -> active):
  custom:graphics/normal-map-encoding: 01000000000000000000000000000000 -> 02000000000000000000000000000000
========================================================================
Received Prepare
Registering precompiled user dll's ...
Registered in 0.004453 seconds.
Begin MonoManager ReloadAssembly
Native extension for WindowsStandalone target not found
Refreshing native plugins compatible for Editor in 0.48 ms, found 2 plugins.
Preloading 0 native plugins for Editor in 0.00 ms.
Mono: successfully reloaded assembly
- Completed reload, in  1.071 seconds
Platform modules already initialized, skipping
OnLevelWasLoaded was found on UIManager
This message has been deprecated and will be removed in a later version of Unity.
Add a delegate to SceneManager.sceneLoaded instead to get notifications after scene loading has completed

OnLevelWasLoaded was found on GameManager
This message has been deprecated and will be removed in a later version of Unity.
Add a delegate to SceneManager.sceneLoaded instead to get notifications after scene loading has completed

Switching build target platform(5) subTarget(0) extendedPlatform(0) -> platform(13) subTarget(524288) extendedPlatform(0)
Shader 'Universal Render Pipeline/Particles/Lit': fallback shader 'Universal Render Pipeline/Particles/SimpleLit' not found
Refreshing native plugins compatible for Editor in 0.46 ms, found 2 plugins.
Preloading 0 native plugins for Editor in 0.00 ms.
Unloading 2618 Unused Serialized files (Serialized files now loaded: 0)
System memory in use before: 128.3 MB.
System memory in use after: 128.5 MB.

Unloading 14 unused Assets to reduce memory usage. Loaded Objects now: 3442.
Total: 2.436300 ms (FindLiveObjects: 0.271900 ms CreateObjectMapping: 0.136400 ms MarkObjects: 2.013100 ms  DeleteObjects: 0.014000 ms)

AssetImportParameters requested are different than current active one (requested -> active):
  custom:graphics/normal-map-encoding: 01000000000000000000000000000000 -> 02000000000000000000000000000000
========================================================================
Received Prepare
Registering precompiled user dll's ...
Registered in 0.003993 seconds.
Begin MonoManager ReloadAssembly
Native extension for WindowsStandalone target not found
Refreshing native plugins compatible for Editor in 0.49 ms, found 2 plugins.
Preloading 0 native plugins for Editor in 0.00 ms.
Mono: successfully reloaded assembly
- Completed reload, in  0.976 seconds
Platform modules already initialized, skipping
OnLevelWasLoaded was found on UIManager
This message has been deprecated and will be removed in a later version of Unity.
Add a delegate to SceneManager.sceneLoaded instead to get notifications after scene loading has completed

OnLevelWasLoaded was found on GameManager
This message has been deprecated and will be removed in a later version of Unity.
Add a delegate to SceneManager.sceneLoaded instead to get notifications after scene loading has completed

Switching build target platform(5) subTarget(0) extendedPlatform(0) -> platform(13) subTarget(524288) extendedPlatform(0)
Shader 'Universal Render Pipeline/Particles/Lit': fallback shader 'Universal Render Pipeline/Particles/SimpleLit' not found
Refreshing native plugins compatible for Editor in 0.52 ms, found 2 plugins.
Preloading 0 native plugins for Editor in 0.00 ms.
Unloading 2618 Unused Serialized files (Serialized files now loaded: 0)
System memory in use before: 128.3 MB.
System memory in use after: 128.5 MB.

Unloading 14 unused Assets to reduce memory usage. Loaded Objects now: 3445.
Total: 2.799700 ms (FindLiveObjects: 0.357400 ms CreateObjectMapping: 0.185700 ms MarkObjects: 2.236800 ms  DeleteObjects: 0.018900 ms)

AssetImportParameters requested are different than current active one (requested -> active):
  custom:graphics/normal-map-encoding: 01000000000000000000000000000000 -> 02000000000000000000000000000000
========================================================================
Received Prepare
Registering precompiled user dll's ...
Registered in 0.003668 seconds.
Begin MonoManager ReloadAssembly
Native extension for WindowsStandalone target not found
Refreshing native plugins compatible for Editor in 0.47 ms, found 2 plugins.
Preloading 0 native plugins for Editor in 0.00 ms.
Mono: successfully reloaded assembly
- Completed reload, in  1.068 seconds
Platform modules already initialized, skipping
OnLevelWasLoaded was found on UIManager
This message has been deprecated and will be removed in a later version of Unity.
Add a delegate to SceneManager.sceneLoaded instead to get notifications after scene loading has completed

OnLevelWasLoaded was found on GameManager
This message has been deprecated and will be removed in a later version of Unity.
Add a delegate to SceneManager.sceneLoaded instead to get notifications after scene loading has completed

Switching build target platform(5) subTarget(0) extendedPlatform(0) -> platform(13) subTarget(524288) extendedPlatform(0)
Shader 'Universal Render Pipeline/Particles/Lit': fallback shader 'Universal Render Pipeline/Particles/SimpleLit' not found
Refreshing native plugins compatible for Editor in 0.46 ms, found 2 plugins.
Preloading 0 native plugins for Editor in 0.00 ms.
Unloading 2618 Unused Serialized files (Serialized files now loaded: 0)
System memory in use before: 128.3 MB.
System memory in use after: 128.5 MB.

Unloading 14 unused Assets to reduce memory usage. Loaded Objects now: 3448.
Total: 2.564000 ms (FindLiveObjects: 0.348000 ms CreateObjectMapping: 0.156000 ms MarkObjects: 2.043200 ms  DeleteObjects: 0.016000 ms)

AssetImportParameters requested are different than current active one (requested -> active):
  custom:graphics/normal-map-encoding: 01000000000000000000000000000000 -> 02000000000000000000000000000000
========================================================================
Received Prepare
Registering precompiled user dll's ...
Registered in 0.004240 seconds.
Begin MonoManager ReloadAssembly
Native extension for WindowsStandalone target not found
Refreshing native plugins compatible for Editor in 0.47 ms, found 2 plugins.
Preloading 0 native plugins for Editor in 0.00 ms.
Mono: successfully reloaded assembly
- Completed reload, in  1.021 seconds
Platform modules already initialized, skipping
OnLevelWasLoaded was found on UIManager
This message has been deprecated and will be removed in a later version of Unity.
Add a delegate to SceneManager.sceneLoaded instead to get notifications after scene loading has completed

OnLevelWasLoaded was found on GameManager
This message has been deprecated and will be removed in a later version of Unity.
Add a delegate to SceneManager.sceneLoaded instead to get notifications after scene loading has completed

Switching build target platform(5) subTarget(0) extendedPlatform(0) -> platform(13) subTarget(524288) extendedPlatform(0)
Shader 'Universal Render Pipeline/Particles/Lit': fallback shader 'Universal Render Pipeline/Particles/SimpleLit' not found
Refreshing native plugins compatible for Editor in 0.46 ms, found 2 plugins.
Preloading 0 native plugins for Editor in 0.00 ms.
Unloading 2618 Unused Serialized files (Serialized files now loaded: 0)
System memory in use before: 128.3 MB.
System memory in use after: 128.5 MB.

Unloading 14 unused Assets to reduce memory usage. Loaded Objects now: 3451.
Total: 2.193200 ms (FindLiveObjects: 0.278300 ms CreateObjectMapping: 0.140000 ms MarkObjects: 1.761100 ms  DeleteObjects: 0.012900 ms)

AssetImportParameters requested are different than current active one (requested -> active):
  custom:graphics/normal-map-encoding: 01000000000000000000000000000000 -> 02000000000000000000000000000000
========================================================================
Received Prepare
Registering precompiled user dll's ...
Registered in 0.003246 seconds.
Begin MonoManager ReloadAssembly
Native extension for WindowsStandalone target not found
Refreshing native plugins compatible for Editor in 0.86 ms, found 2 plugins.
Preloading 0 native plugins for Editor in 0.00 ms.
Mono: successfully reloaded assembly
- Completed reload, in  0.972 seconds
Platform modules already initialized, skipping
OnLevelWasLoaded was found on UIManager
This message has been deprecated and will be removed in a later version of Unity.
Add a delegate to SceneManager.sceneLoaded instead to get notifications after scene loading has completed

OnLevelWasLoaded was found on GameManager
This message has been deprecated and will be removed in a later version of Unity.
Add a delegate to SceneManager.sceneLoaded instead to get notifications after scene loading has completed

Switching build target platform(5) subTarget(0) extendedPlatform(0) -> platform(13) subTarget(524288) extendedPlatform(0)
Shader 'Universal Render Pipeline/Particles/Lit': fallback shader 'Universal Render Pipeline/Particles/SimpleLit' not found
Refreshing native plugins compatible for Editor in 0.45 ms, found 2 plugins.
Preloading 0 native plugins for Editor in 0.00 ms.
Unloading 2618 Unused Serialized files (Serialized files now loaded: 0)
System memory in use before: 128.3 MB.
System memory in use after: 128.6 MB.

Unloading 14 unused Assets to reduce memory usage. Loaded Objects now: 3454.
Total: 2.446500 ms (FindLiveObjects: 0.270200 ms CreateObjectMapping: 0.224600 ms MarkObjects: 1.934400 ms  DeleteObjects: 0.016600 ms)

AssetImportParameters requested are different than current active one (requested -> active):
  custom:graphics/normal-map-encoding: 01000000000000000000000000000000 -> 02000000000000000000000000000000
AssetImportWorkerClient::OnTransportError - code=2 error=End of file
